  Main.c
D:\Программирование\C\6\6\ARRAY.h(30,23): warning C4047: ==: "int" отличается по уровням косвенного обращения от "void *"
D:\Программирование\C\6\6\ARRAY.h(42,18): warning C4047: =: "int" отличается по уровням косвенного обращения от "void *"
D:\Программирование\C\6\6\ARRAY.h(45,23): warning C4047: ==: "int" отличается по уровням косвенного обращения от "void *"
D:\Программирование\C\6\6\ARRAY.h(57,14): warning C4013: inputRestrictedInteger: нет определения; предполагается "extern" с возвратом типа "int"
D:\Программирование\C\6\6\ARRAY.h(59,3): warning C4013: randArray: нет определения; предполагается "extern" с возвратом типа "int"
D:\Программирование\C\6\6\ARRAY.h(61,3): warning C4013: inputArray: нет определения; предполагается "extern" с возвратом типа "int"
D:\Программирование\C\6\6\ARRAY.h(73,14): warning C4013: inputInteger: нет определения; предполагается "extern" с возвратом типа "int"
D:\Программирование\C\6\6\ARRAY.h(96,16): warning C4013: hgh: нет определения; предполагается "extern" с возвратом типа "int"
D:\Программирование\C\6\6\ARRAY.h(135,33): warning C4047: !=: "int" отличается по уровням косвенного обращения от "void *"
D:\Программирование\C\6\6\ARRAY.h(146,26): warning C4047: =: "int" отличается по уровням косвенного обращения от "void *"
D:\Программирование\C\6\6\MATRIX.h(33,3): warning C4013: randMatrix: нет определения; предполагается "extern" с возвратом типа "int"
D:\Программирование\C\6\6\MATRIX.h(35,3): warning C4013: inputMatrix: нет определения; предполагается "extern" с возвратом типа "int"
D:\Программирование\C\6\6\MATRIX.h(76,23): warning C4047: =: "int" отличается по уровням косвенного обращения от "void *"
D:\Программирование\C\6\6\MATRIX.h(82,28): warning C4047: ==: "int" отличается по уровням косвенного обращения от "void *"
D:\Программирование\C\6\6\MATRIX.h(99,17): warning C4013: inputMoreZeroInteger: нет определения; предполагается "extern" с возвратом типа "int"
D:\Программирование\C\6\6\MATRIX.h(132,10): warning C4013: sumElements: нет определения; предполагается "extern" с возвратом типа "int"
D:\Программирование\C\6\6\MATRIX.h(143,5): warning C4013: copyElements: нет определения; предполагается "extern" с возвратом типа "int"
D:\Программирование\C\6\6\Main.c(10,8): warning C4244: функция: преобразование "time_t" в "unsigned int", возможна потеря данных
D:\Программирование\C\6\6\Main.c(15,3): warning C4013: prog1: нет определения; предполагается "extern" с возвратом типа "int"
D:\Программирование\C\6\6\Main.c(18,3): warning C4013: prog2: нет определения; предполагается "extern" с возвратом типа "int"
D:\Программирование\C\6\6\ARRAY.h(68): warning C4716: randArray: должна возвращать значение
D:\Программирование\C\6\6\ARRAY.h(74): warning C4716: inputArray: должна возвращать значение
D:\Программирование\C\6\6\ARRAY.h(160): warning C4716: QuickSort: должна возвращать значение
D:\Программирование\C\6\6\MATRIX.h(43): warning C4716: randMatrix: должна возвращать значение
D:\Программирование\C\6\6\MATRIX.h(53): warning C4716: inputMatrix: должна возвращать значение
D:\Программирование\C\6\6\MATRIX.h(175): warning C4716: copyElements: должна возвращать значение
D:\Программирование\C\6\6\LIB.h(49): warning C4715: hgh: значение возвращается не при всех путях выполнения
D:\Программирование\C\6\6\Main.c(47): warning C4716: prog1: должна возвращать значение
D:\Программирование\C\6\6\Main.c(72): warning C4716: prog2: должна возвращать значение
D:\Программирование\C\6\6\Main.c(112): warning C4716: sortMatrix: должна возвращать значение
  6.vcxproj -> D:\Программирование\C\6\x64\Debug\6.exe
