  Main.c
D:\Программирование\C\5\5\MATRIX.h(49,19): warning C4013: inputInteger: нет определения; предполагается "extern" с возвратом типа "int"
D:\Программирование\C\5\5\MATRIX.h(82,23): warning C4047: =: "int" отличается по уровням косвенного обращения от "void *"
D:\Программирование\C\5\5\MATRIX.h(87,28): warning C4047: ==: "int" отличается по уровням косвенного обращения от "void *"
D:\Программирование\C\5\5\MATRIX.h(104,17): warning C4013: inputMoreZeroInteger: нет определения; предполагается "extern" с возвратом типа "int"
D:\Программирование\C\5\5\ARRAY.h(24,18): warning C4047: =: "int" отличается по уровням косвенного обращения от "void *"
D:\Программирование\C\5\5\ARRAY.h(30,23): warning C4047: ==: "int" отличается по уровням косвенного обращения от "void *"
D:\Программирование\C\5\5\ARRAY.h(41,14): warning C4013: inputRestrictedInteger: нет определения; предполагается "extern" с возвратом типа "int"
D:\Программирование\C\5\5\ARRAY.h(43,3): warning C4013: randArray: нет определения; предполагается "extern" с возвратом типа "int"
D:\Программирование\C\5\5\ARRAY.h(45,3): warning C4013: inputArray: нет определения; предполагается "extern" с возвратом типа "int"
D:\Программирование\C\5\5\ARRAY.h(50,8): warning C4244: функция: преобразование "time_t" в "unsigned int", возможна потеря данных
D:\Программирование\C\5\5\Main.c(10,8): warning C4244: функция: преобразование "time_t" в "unsigned int", возможна потеря данных
D:\Программирование\C\5\5\Main.c(15,4): warning C4013: prog1: нет определения; предполагается "extern" с возвратом типа "int"
D:\Программирование\C\5\5\Main.c(18,4): warning C4013: prog2: нет определения; предполагается "extern" с возвратом типа "int"
D:\Программирование\C\5\5\Main.c(21,4): warning C4013: prog3: нет определения; предполагается "extern" с возвратом типа "int"
D:\Программирование\C\5\5\Main.c(26,2): warning C4098: main: функция типа "void", возвращающая значение
D:\Программирование\C\5\5\Main.c(56,52): warning C4047: =: "int **" отличается по уровням косвенного обращения от "int *"
D:\Программирование\C\5\5\ARRAY.h(53): warning C4716: randArray: должна возвращать значение
D:\Программирование\C\5\5\ARRAY.h(59): warning C4716: inputArray: должна возвращать значение
D:\Программирование\C\5\5\Main.c(61): warning C4716: prog2: должна возвращать значение
D:\Программирование\C\5\5\Main.c(87): warning C4716: prog3: должна возвращать значение
D:\Программирование\C\5\5\Main.c(44): warning C4716: prog1: должна возвращать значение
  5.vcxproj -> D:\Программирование\C\5\x64\Debug\5.exe
